<?xml version="1.0" encoding="UTF-8"?>
<!-- Generated by org.testng.reporters.JUnitReportReporter -->
<testsuite hostname="DESKTOP-FKO4O7M" failures="0" tests="1" name="com.test.qa.practice.Gmail" time="0.000" errors="0" timestamp="29 Jul 2021 15:07:26 GMT" skipped="1">
  <testcase classname="com.test.qa.practice.Gmail" name="validateLogin" time="0.000">
    <skipped/>
  </testcase> <!-- validateLogin -->
</testsuite> <!-- com.test.qa.practice.Gmail -->
